/scratch/bulk/haque/envs/caliby/lib/python3.12/site-packages/torchmetrics/utilities/imports.py:24: DeprecationWarning: distutils Version classes are deprecated. Use packaging.version instead.
  _PYTHON_LOWER_3_8 = LooseVersion(_PYTHON_VERSION) < LooseVersion("3.8")
Cleaning RCSB mmCIF files:   0%|          | 0/65536 [00:00<?, ?it/s]Cleaning RCSB mmCIF files:   0%|          | 50/65536 [00:00<04:13, 258.75it/s]Cleaning RCSB mmCIF files:   0%|          | 50/65536 [00:20<04:13, 258.75it/s]/scratch/bulk/haque/envs/caliby/lib/python3.12/site-packages/torchmetrics/utilities/imports.py:24: DeprecationWarning: distutils Version classes are deprecated. Use packaging.version instead.
  _PYTHON_LOWER_3_8 = LooseVersion(_PYTHON_VERSION) < LooseVersion("3.8")
/scratch/bulk/haque/envs/caliby/lib/python3.12/site-packages/torchmetrics/utilities/imports.py:24: DeprecationWarning: distutils Version classes are deprecated. Use packaging.version instead.
  _PYTHON_LOWER_3_8 = LooseVersion(_PYTHON_VERSION) < LooseVersion("3.8")
/scratch/bulk/haque/envs/caliby/lib/python3.12/site-packages/torchmetrics/utilities/imports.py:24: DeprecationWarning: distutils Version classes are deprecated. Use packaging.version instead.
  _PYTHON_LOWER_3_8 = LooseVersion(_PYTHON_VERSION) < LooseVersion("3.8")
/scratch/bulk/haque/envs/caliby/lib/python3.12/site-packages/torchmetrics/utilities/imports.py:24: DeprecationWarning: distutils Version classes are deprecated. Use packaging.version instead.
  _PYTHON_LOWER_3_8 = LooseVersion(_PYTHON_VERSION) < LooseVersion("3.8")
/scratch/bulk/haque/envs/caliby/lib/python3.12/site-packages/torchmetrics/utilities/imports.py:24: DeprecationWarning: distutils Version classes are deprecated. Use packaging.version instead.
  _PYTHON_LOWER_3_8 = LooseVersion(_PYTHON_VERSION) < LooseVersion("3.8")
/scratch/bulk/haque/envs/caliby/lib/python3.12/site-packages/torchmetrics/utilities/imports.py:24: DeprecationWarning: distutils Version classes are deprecated. Use packaging.version instead.
  _PYTHON_LOWER_3_8 = LooseVersion(_PYTHON_VERSION) < LooseVersion("3.8")
/scratch/bulk/haque/envs/caliby/lib/python3.12/site-packages/torchmetrics/utilities/imports.py:24: DeprecationWarning: distutils Version classes are deprecated. Use packaging.version instead.
  _PYTHON_LOWER_3_8 = LooseVersion(_PYTHON_VERSION) < LooseVersion("3.8")
/scratch/bulk/haque/envs/caliby/lib/python3.12/site-packages/torchmetrics/utilities/imports.py:24: DeprecationWarning: distutils Version classes are deprecated. Use packaging.version instead.
  _PYTHON_LOWER_3_8 = LooseVersion(_PYTHON_VERSION) < LooseVersion("3.8")
/scratch/bulk/haque/envs/caliby/lib/python3.12/site-packages/torchmetrics/utilities/imports.py:24: DeprecationWarning: distutils Version classes are deprecated. Use packaging.version instead.
  _PYTHON_LOWER_3_8 = LooseVersion(_PYTHON_VERSION) < LooseVersion("3.8")
/scratch/bulk/haque/envs/caliby/lib/python3.12/site-packages/torchmetrics/utilities/imports.py:24: DeprecationWarning: distutils Version classes are deprecated. Use packaging.version instead.
  _PYTHON_LOWER_3_8 = LooseVersion(_PYTHON_VERSION) < LooseVersion("3.8")
/scratch/bulk/haque/envs/caliby/lib/python3.12/site-packages/torchmetrics/utilities/imports.py:24: DeprecationWarning: distutils Version classes are deprecated. Use packaging.version instead.
  _PYTHON_LOWER_3_8 = LooseVersion(_PYTHON_VERSION) < LooseVersion("3.8")
/scratch/bulk/haque/envs/caliby/lib/python3.12/site-packages/torchmetrics/utilities/imports.py:24: DeprecationWarning: distutils Version classes are deprecated. Use packaging.version instead.
  _PYTHON_LOWER_3_8 = LooseVersion(_PYTHON_VERSION) < LooseVersion("3.8")
/scratch/bulk/haque/envs/caliby/lib/python3.12/site-packages/torchmetrics/utilities/imports.py:24: DeprecationWarning: distutils Version classes are deprecated. Use packaging.version instead.
  _PYTHON_LOWER_3_8 = LooseVersion(_PYTHON_VERSION) < LooseVersion("3.8")
/scratch/bulk/haque/envs/caliby/lib/python3.12/site-packages/torchmetrics/utilities/imports.py:24: DeprecationWarning: distutils Version classes are deprecated. Use packaging.version instead.
  _PYTHON_LOWER_3_8 = LooseVersion(_PYTHON_VERSION) < LooseVersion("3.8")
/scratch/bulk/haque/envs/caliby/lib/python3.12/site-packages/torchmetrics/utilities/imports.py:24: DeprecationWarning: distutils Version classes are deprecated. Use packaging.version instead.
  _PYTHON_LOWER_3_8 = LooseVersion(_PYTHON_VERSION) < LooseVersion("3.8")
/scratch/bulk/haque/envs/caliby/lib/python3.12/site-packages/torchmetrics/utilities/imports.py:24: DeprecationWarning: distutils Version classes are deprecated. Use packaging.version instead.
  _PYTHON_LOWER_3_8 = LooseVersion(_PYTHON_VERSION) < LooseVersion("3.8")
/scratch/bulk/haque/envs/caliby/lib/python3.12/site-packages/torchmetrics/utilities/imports.py:24: DeprecationWarning: distutils Version classes are deprecated. Use packaging.version instead.
  _PYTHON_LOWER_3_8 = LooseVersion(_PYTHON_VERSION) < LooseVersion("3.8")
/scratch/bulk/haque/envs/caliby/lib/python3.12/site-packages/torchmetrics/utilities/imports.py:24: DeprecationWarning: distutils Version classes are deprecated. Use packaging.version instead.
  _PYTHON_LOWER_3_8 = LooseVersion(_PYTHON_VERSION) < LooseVersion("3.8")
/scratch/bulk/haque/envs/caliby/lib/python3.12/site-packages/torchmetrics/utilities/imports.py:24: DeprecationWarning: distutils Version classes are deprecated. Use packaging.version instead.
  _PYTHON_LOWER_3_8 = LooseVersion(_PYTHON_VERSION) < LooseVersion("3.8")
/scratch/bulk/haque/envs/caliby/lib/python3.12/site-packages/torchmetrics/utilities/imports.py:24: DeprecationWarning: distutils Version classes are deprecated. Use packaging.version instead.
  _PYTHON_LOWER_3_8 = LooseVersion(_PYTHON_VERSION) < LooseVersion("3.8")
/scratch/bulk/haque/envs/caliby/lib/python3.12/site-packages/torchmetrics/utilities/imports.py:24: DeprecationWarning: distutils Version classes are deprecated. Use packaging.version instead.
  _PYTHON_LOWER_3_8 = LooseVersion(_PYTHON_VERSION) < LooseVersion("3.8")
/scratch/bulk/haque/envs/caliby/lib/python3.12/site-packages/torchmetrics/utilities/imports.py:24: DeprecationWarning: distutils Version classes are deprecated. Use packaging.version instead.
  _PYTHON_LOWER_3_8 = LooseVersion(_PYTHON_VERSION) < LooseVersion("3.8")
/scratch/bulk/haque/envs/caliby/lib/python3.12/site-packages/torchmetrics/utilities/imports.py:24: DeprecationWarning: distutils Version classes are deprecated. Use packaging.version instead.
  _PYTHON_LOWER_3_8 = LooseVersion(_PYTHON_VERSION) < LooseVersion("3.8")
/scratch/bulk/haque/envs/caliby/lib/python3.12/site-packages/torchmetrics/utilities/imports.py:24: DeprecationWarning: distutils Version classes are deprecated. Use packaging.version instead.
  _PYTHON_LOWER_3_8 = LooseVersion(_PYTHON_VERSION) < LooseVersion("3.8")
/scratch/bulk/haque/envs/caliby/lib/python3.12/site-packages/torchmetrics/utilities/imports.py:24: DeprecationWarning: distutils Version classes are deprecated. Use packaging.version instead.
  _PYTHON_LOWER_3_8 = LooseVersion(_PYTHON_VERSION) < LooseVersion("3.8")
/scratch/bulk/haque/envs/caliby/lib/python3.12/site-packages/torchmetrics/utilities/imports.py:24: DeprecationWarning: distutils Version classes are deprecated. Use packaging.version instead.
  _PYTHON_LOWER_3_8 = LooseVersion(_PYTHON_VERSION) < LooseVersion("3.8")
/scratch/bulk/haque/envs/caliby/lib/python3.12/site-packages/torchmetrics/utilities/imports.py:24: DeprecationWarning: distutils Version classes are deprecated. Use packaging.version instead.
  _PYTHON_LOWER_3_8 = LooseVersion(_PYTHON_VERSION) < LooseVersion("3.8")
/scratch/bulk/haque/envs/caliby/lib/python3.12/site-packages/torchmetrics/utilities/imports.py:24: DeprecationWarning: distutils Version classes are deprecated. Use packaging.version instead.
  _PYTHON_LOWER_3_8 = LooseVersion(_PYTHON_VERSION) < LooseVersion("3.8")
/scratch/bulk/haque/envs/caliby/lib/python3.12/site-packages/torchmetrics/utilities/imports.py:24: DeprecationWarning: distutils Version classes are deprecated. Use packaging.version instead.
  _PYTHON_LOWER_3_8 = LooseVersion(_PYTHON_VERSION) < LooseVersion("3.8")
/scratch/bulk/haque/envs/caliby/lib/python3.12/site-packages/torchmetrics/utilities/imports.py:24: DeprecationWarning: distutils Version classes are deprecated. Use packaging.version instead.
  _PYTHON_LOWER_3_8 = LooseVersion(_PYTHON_VERSION) < LooseVersion("3.8")
/scratch/bulk/haque/envs/caliby/lib/python3.12/site-packages/torchmetrics/utilities/imports.py:24: DeprecationWarning: distutils Version classes are deprecated. Use packaging.version instead.
  _PYTHON_LOWER_3_8 = LooseVersion(_PYTHON_VERSION) < LooseVersion("3.8")
/scratch/bulk/haque/envs/caliby/lib/python3.12/site-packages/torchmetrics/utilities/imports.py:24: DeprecationWarning: distutils Version classes are deprecated. Use packaging.version instead.
  _PYTHON_LOWER_3_8 = LooseVersion(_PYTHON_VERSION) < LooseVersion("3.8")
/scratch/bulk/haque/envs/caliby/lib/python3.12/site-packages/torchmetrics/utilities/imports.py:24: DeprecationWarning: distutils Version classes are deprecated. Use packaging.version instead.
  _PYTHON_LOWER_3_8 = LooseVersion(_PYTHON_VERSION) < LooseVersion("3.8")
/scratch/bulk/haque/envs/caliby/lib/python3.12/site-packages/torchmetrics/utilities/imports.py:24: DeprecationWarning: distutils Version classes are deprecated. Use packaging.version instead.
  _PYTHON_LOWER_3_8 = LooseVersion(_PYTHON_VERSION) < LooseVersion("3.8")
/scratch/bulk/haque/envs/caliby/lib/python3.12/site-packages/torchmetrics/utilities/imports.py:24: DeprecationWarning: distutils Version classes are deprecated. Use packaging.version instead.
  _PYTHON_LOWER_3_8 = LooseVersion(_PYTHON_VERSION) < LooseVersion("3.8")
/scratch/bulk/haque/envs/caliby/lib/python3.12/site-packages/torchmetrics/utilities/imports.py:24: DeprecationWarning: distutils Version classes are deprecated. Use packaging.version instead.
  _PYTHON_LOWER_3_8 = LooseVersion(_PYTHON_VERSION) < LooseVersion("3.8")
/scratch/bulk/haque/envs/caliby/lib/python3.12/site-packages/torchmetrics/utilities/imports.py:24: DeprecationWarning: distutils Version classes are deprecated. Use packaging.version instead.
  _PYTHON_LOWER_3_8 = LooseVersion(_PYTHON_VERSION) < LooseVersion("3.8")
/scratch/bulk/haque/envs/caliby/lib/python3.12/site-packages/torchmetrics/utilities/imports.py:24: DeprecationWarning: distutils Version classes are deprecated. Use packaging.version instead.
  _PYTHON_LOWER_3_8 = LooseVersion(_PYTHON_VERSION) < LooseVersion("3.8")
/scratch/bulk/haque/envs/caliby/lib/python3.12/site-packages/torchmetrics/utilities/imports.py:24: DeprecationWarning: distutils Version classes are deprecated. Use packaging.version instead.
  _PYTHON_LOWER_3_8 = LooseVersion(_PYTHON_VERSION) < LooseVersion("3.8")
/scratch/bulk/haque/envs/caliby/lib/python3.12/site-packages/torchmetrics/utilities/imports.py:24: DeprecationWarning: distutils Version classes are deprecated. Use packaging.version instead.
  _PYTHON_LOWER_3_8 = LooseVersion(_PYTHON_VERSION) < LooseVersion("3.8")
/scratch/bulk/haque/envs/caliby/lib/python3.12/site-packages/torchmetrics/utilities/imports.py:24: DeprecationWarning: distutils Version classes are deprecated. Use packaging.version instead.
  _PYTHON_LOWER_3_8 = LooseVersion(_PYTHON_VERSION) < LooseVersion("3.8")
/scratch/bulk/haque/envs/caliby/lib/python3.12/site-packages/torchmetrics/utilities/imports.py:24: DeprecationWarning: distutils Version classes are deprecated. Use packaging.version instead.
  _PYTHON_LOWER_3_8 = LooseVersion(_PYTHON_VERSION) < LooseVersion("3.8")
/scratch/bulk/haque/envs/caliby/lib/python3.12/site-packages/torchmetrics/utilities/imports.py:24: DeprecationWarning: distutils Version classes are deprecated. Use packaging.version instead.
  _PYTHON_LOWER_3_8 = LooseVersion(_PYTHON_VERSION) < LooseVersion("3.8")
/scratch/bulk/haque/envs/caliby/lib/python3.12/site-packages/torchmetrics/utilities/imports.py:24: DeprecationWarning: distutils Version classes are deprecated. Use packaging.version instead.
  _PYTHON_LOWER_3_8 = LooseVersion(_PYTHON_VERSION) < LooseVersion("3.8")
/scratch/bulk/haque/envs/caliby/lib/python3.12/site-packages/torchmetrics/utilities/imports.py:24: DeprecationWarning: distutils Version classes are deprecated. Use packaging.version instead.
  _PYTHON_LOWER_3_8 = LooseVersion(_PYTHON_VERSION) < LooseVersion("3.8")
/scratch/bulk/haque/envs/caliby/lib/python3.12/site-packages/torchmetrics/utilities/imports.py:24: DeprecationWarning: distutils Version classes are deprecated. Use packaging.version instead.
  _PYTHON_LOWER_3_8 = LooseVersion(_PYTHON_VERSION) < LooseVersion("3.8")
/scratch/bulk/haque/envs/caliby/lib/python3.12/site-packages/torchmetrics/utilities/imports.py:24: DeprecationWarning: distutils Version classes are deprecated. Use packaging.version instead.
  _PYTHON_LOWER_3_8 = LooseVersion(_PYTHON_VERSION) < LooseVersion("3.8")
/scratch/bulk/haque/envs/caliby/lib/python3.12/site-packages/torchmetrics/utilities/imports.py:24: DeprecationWarning: distutils Version classes are deprecated. Use packaging.version instead.
  _PYTHON_LOWER_3_8 = LooseVersion(_PYTHON_VERSION) < LooseVersion("3.8")
/scratch/bulk/haque/envs/caliby/lib/python3.12/site-packages/torchmetrics/utilities/imports.py:24: DeprecationWarning: distutils Version classes are deprecated. Use packaging.version instead.
  _PYTHON_LOWER_3_8 = LooseVersion(_PYTHON_VERSION) < LooseVersion("3.8")
/scratch/bulk/haque/envs/caliby/lib/python3.12/site-packages/torchmetrics/utilities/imports.py:24: DeprecationWarning: distutils Version classes are deprecated. Use packaging.version instead.
  _PYTHON_LOWER_3_8 = LooseVersion(_PYTHON_VERSION) < LooseVersion("3.8")
/data/slurm/spool/job34428/slurm_script: line 25: 1114357 Killed                  python3 caliby/data/preprocessing/atomworks/clean_pdbs.py input_cfg.pdb_dir=/ceph/opig-shared/users/haque/DPhil/caliby/scoring_analysis/mutant_pdbs_fast num_workers=50 out_dir=/ceph/opig-shared/users/haque/DPhil/caliby/ensemble_pdbs/cleaned_ensemble_pdbs/cryo_H3
slurmstepd: error: Detected 1 oom_kill event in StepId=34428.batch. Some of the step tasks have been OOM Killed.
